e:\cpp\ezchat\client\client\debug\client.pch
e:\cpp\ezchat\client\client\debug\vc140.pdb
e:\cpp\ezchat\client\client\debug\vc140.idb
e:\cpp\ezchat\client\client\debug\stdafx.obj
e:\cpp\ezchat\client\client\debug\chatinterface.obj
e:\cpp\ezchat\client\client\debug\chatsock.obj
e:\cpp\ezchat\client\client\debug\client.obj
e:\cpp\ezchat\client\client\debug\clientdlg.obj
e:\cpp\ezchat\client\client\debug\dlglogin.obj
e:\cpp\ezchat\client\client\debug\search.obj
e:\cpp\ezchat\client\debug\client.ilk
e:\cpp\ezchat\client\debug\client.exe
e:\cpp\ezchat\client\debug\client.pdb
e:\cpp\ezchat\client\client\debug\client.res
e:\cpp\ezchat\client\client\debug\client.tlog\cl.command.1.tlog
e:\cpp\ezchat\client\client\debug\client.tlog\cl.read.1.tlog
e:\cpp\ezchat\client\client\debug\client.tlog\cl.write.1.tlog
e:\cpp\ezchat\client\client\debug\client.tlog\link.command.1.tlog
e:\cpp\ezchat\client\client\debug\client.tlog\link.read.1.tlog
e:\cpp\ezchat\client\client\debug\client.tlog\link.write.1.tlog
e:\cpp\ezchat\client\client\debug\client.tlog\rc.command.1.tlog
e:\cpp\ezchat\client\client\debug\client.tlog\rc.read.1.tlog
e:\cpp\ezchat\client\client\debug\client.tlog\rc.write.1.tlog
