e:\cpp\ezchat\server\server\debug\server.pch
e:\cpp\ezchat\server\server\debug\vc140.pdb
e:\cpp\ezchat\server\server\debug\vc140.idb
e:\cpp\ezchat\server\server\debug\stdafx.obj
e:\cpp\ezchat\server\server\debug\chatsock.obj
e:\cpp\ezchat\server\server\debug\listensock.obj
e:\cpp\ezchat\server\server\debug\server.obj
e:\cpp\ezchat\server\server\debug\serverdlg.obj
e:\cpp\ezchat\server\debug\server.ilk
e:\cpp\ezchat\server\debug\server.exe
e:\cpp\ezchat\server\debug\server.pdb
e:\cpp\ezchat\server\server\debug\server.res
e:\cpp\ezchat\server\server\debug\server.tlog\cl.command.1.tlog
e:\cpp\ezchat\server\server\debug\server.tlog\cl.read.1.tlog
e:\cpp\ezchat\server\server\debug\server.tlog\cl.write.1.tlog
e:\cpp\ezchat\server\server\debug\server.tlog\link.command.1.tlog
e:\cpp\ezchat\server\server\debug\server.tlog\link.read.1.tlog
e:\cpp\ezchat\server\server\debug\server.tlog\link.write.1.tlog
e:\cpp\ezchat\server\server\debug\server.tlog\rc.command.1.tlog
e:\cpp\ezchat\server\server\debug\server.tlog\rc.read.1.tlog
e:\cpp\ezchat\server\server\debug\server.tlog\rc.write.1.tlog
